<?xml version="1.0" encoding="UTF-8"?>
<!-- Generated by org.testng.reporters.JUnitReportReporter -->
<testsuite hostname="SivakiranT" name="leadingedge.mavendemo" tests="1" failures="0" timestamp="5 Dec 2018 08:07:18 GMT" time="0.040" errors="0">
  <testcase name="samplemvn" time="0.040" classname="leadingedge.mavendemo"/>
</testsuite>
