<?xml version="1.0" encoding="UTF-8"?>
<!-- Generated by org.testng.reporters.JUnitReportReporter -->
<testsuite hostname="SivakiranT" name="leadingedge.mavendemo" tests="1" failures="0" timestamp="6 Dec 2018 14:01:51 GMT" time="0.000" errors="0">
  <testcase name="samplemvn" time="0.000" classname="leadingedge.mavendemo"/>
</testsuite>
